<?xml version="1.0" encoding="UTF-8"?>
<!-- Generated by org.testng.reporters.JUnitXMLReporter -->
<testsuite ignored="0" hostname="DESKTOP-OTKS22Q" failures="3" tests="4" name="Test" time="25.874" errors="0" timestamp="2025-06-17T14:20:52 IST">
  <testcase classname="wondRxWeb.Test.AboutTest" name="aboutInfo" time="3.582"/>
  <testcase classname="wondRxWeb.Test.AboutTest" name="verifyBannersAndMessagesOnThePage" time="0.232">
    <failure type="java.lang.AssertionError" message="The following asserts failed:
	expected [WONDRx | Smart Rx Kit that digitizes your Rx in No Time] but found [WONDRx | Smart Rx Kit that digitizes your Rx in No Time!],
	expected [https://www.wondrx.com/abou] but found [https://www.wondrx.com/about]">
      <![CDATA[java.lang.AssertionError: The following asserts failed:
expected [WONDRx | Smart Rx Kit that digitizes your Rx in No Time] but found [WONDRx | Smart Rx Kit that digitizes your Rx in No Time!],
expected [https://www.wondrx.com/abou] but found [https://www.wondrx.com/about]
at wondRxWeb.Test.AboutTest.verifyBannersAndMessagesOnThePage(AboutTest.java:45)
at java.base/java.util.ArrayList.forEach(ArrayList.java:1596)
... Removed 27 stack frames]]>
    </failure>
  </testcase> <!-- verifyBannersAndMessagesOnThePage -->
  <testcase classname="wondRxWeb.Test.AboutTest" name="verifyHeaderNavigationLinks" time="0.393">
    <failure type="java.lang.AssertionError" message="The following asserts failed:
	expected [WONDRx | Smart Rx Kit that digitizes your Rx in No Time] but found [WONDRx | Smart Rx Kit that digitizes your Rx in No Time!],
	expected [https://www.wondrx.com/abou] but found [https://www.wondrx.com/about]">
      <![CDATA[java.lang.AssertionError: The following asserts failed:
expected [WONDRx | Smart Rx Kit that digitizes your Rx in No Time] but found [WONDRx | Smart Rx Kit that digitizes your Rx in No Time!],
expected [https://www.wondrx.com/abou] but found [https://www.wondrx.com/about]
at wondRxWeb.Test.AboutTest.verifyHeaderNavigationLinks(AboutTest.java:34)
at java.base/java.util.ArrayList.forEach(ArrayList.java:1596)
... Removed 27 stack frames]]>
    </failure>
  </testcase> <!-- verifyHeaderNavigationLinks -->
  <testcase classname="wondRxWeb.Test.BrokenLinksTest" name="brokenLinks" time="8.825">
    <failure type="java.lang.AssertionError" message="The following asserts failed:
	The link with the text  with the response code 999 has failed expected [true] but found [false]">
      <![CDATA[java.lang.AssertionError: The following asserts failed:
The link with the text  with the response code 999 has failed expected [true] but found [false]
at wondRxWeb.Test.BrokenLinksTest.brokenLinks(BrokenLinksTest.java:44)
at java.base/java.util.ArrayList.forEach(ArrayList.java:1596)
... Removed 27 stack frames]]>
    </failure>
  </testcase> <!-- brokenLinks -->
</testsuite> <!-- Test -->
