<?xml version="1.0" encoding="UTF-8"?>
<testng-results ignored="0" total="5" passed="4" failed="1" skipped="0">
  <reporter-output>
  </reporter-output>
  <suite started-at="2025-06-17T16:19:45 IST" name="WonderRx" finished-at="2025-06-17T16:20:17 IST" duration-ms="31743">
    <groups>
    </groups>
    <test started-at="2025-06-17T16:19:45 IST" name="Test" finished-at="2025-06-17T16:20:17 IST" duration-ms="31743">
      <class name="wondRxWeb.Test.AboutTest">
        <test-method is-config="true" signature="launchBrowser()[pri:0, instance:wondRxWeb.Test.AboutTest@5aa9e4eb]" started-at="2025-06-17T16:19:45 IST" name="launchBrowser" finished-at="2025-06-17T16:19:53 IST" duration-ms="7310" status="PASS">
          <reporter-output>
          </reporter-output>
        </test-method> <!-- launchBrowser -->
        <test-method signature="aboutInfo()[pri:0, instance:wondRxWeb.Test.AboutTest@5aa9e4eb]" started-at="2025-06-17T16:19:53 IST" name="aboutInfo" finished-at="2025-06-17T16:19:53 IST" duration-ms="45" status="PASS">
          <reporter-output>
          </reporter-output>
        </test-method> <!-- aboutInfo -->
        <test-method signature="verifyBannersAndMessagesOnThePage()[pri:0, instance:wondRxWeb.Test.AboutTest@5aa9e4eb]" started-at="2025-06-17T16:19:53 IST" name="verifyBannersAndMessagesOnThePage" finished-at="2025-06-17T16:19:53 IST" duration-ms="174" status="PASS">
          <reporter-output>
          </reporter-output>
        </test-method> <!-- verifyBannersAndMessagesOnThePage -->
        <test-method signature="verifyFooterNavigationLinks()[pri:0, instance:wondRxWeb.Test.AboutTest@5aa9e4eb]" started-at="2025-06-17T16:19:53 IST" name="verifyFooterNavigationLinks" finished-at="2025-06-17T16:19:53 IST" duration-ms="454" status="PASS">
          <reporter-output>
          </reporter-output>
        </test-method> <!-- verifyFooterNavigationLinks -->
        <test-method signature="verifyHeaderNavigationLinks()[pri:0, instance:wondRxWeb.Test.AboutTest@5aa9e4eb]" started-at="2025-06-17T16:19:53 IST" name="verifyHeaderNavigationLinks" finished-at="2025-06-17T16:19:54 IST" duration-ms="253" status="PASS">
          <reporter-output>
          </reporter-output>
        </test-method> <!-- verifyHeaderNavigationLinks -->
        <test-method is-config="true" signature="closeBrowser()[pri:0, instance:wondRxWeb.Test.AboutTest@5aa9e4eb]" started-at="2025-06-17T16:19:54 IST" name="closeBrowser" finished-at="2025-06-17T16:19:54 IST" duration-ms="329" status="PASS">
          <reporter-output>
          </reporter-output>
        </test-method> <!-- closeBrowser -->
      </class> <!-- wondRxWeb.Test.AboutTest -->
      <class name="wondRxWeb.Test.BrokenLinksTest">
        <test-method is-config="true" signature="launchBrowser()[pri:0, instance:wondRxWeb.Test.BrokenLinksTest@7dcf94f8]" started-at="2025-06-17T16:19:54 IST" name="launchBrowser" finished-at="2025-06-17T16:19:59 IST" duration-ms="4764" status="PASS">
          <reporter-output>
          </reporter-output>
        </test-method> <!-- launchBrowser -->
        <test-method signature="brokenLinks()[pri:0, instance:wondRxWeb.Test.BrokenLinksTest@7dcf94f8]" started-at="2025-06-17T16:19:59 IST" name="brokenLinks" finished-at="2025-06-17T16:20:17 IST" duration-ms="18036" status="FAIL">
          <exception class="java.lang.AssertionError">
            <message>
              <![CDATA[The following asserts failed:
The link with the text  with the response code 999 has failed expected [true] but found [false]]]>
            </message>
            <full-stacktrace>
              <![CDATA[java.lang.AssertionError: The following asserts failed:
The link with the text  with the response code 999 has failed expected [true] but found [false]
at org.testng.asserts.SoftAssert.assertAll(SoftAssert.java:46)
at org.testng.asserts.SoftAssert.assertAll(SoftAssert.java:30)
at wondRxWeb.Test.BrokenLinksTest.brokenLinks(BrokenLinksTest.java:40)
at java.base/jdk.internal.reflect.DirectMethodHandleAccessor.invoke(DirectMethodHandleAccessor.java:103)
at java.base/java.lang.reflect.Method.invoke(Method.java:580)
at org.testng.internal.invokers.MethodInvocationHelper.invokeMethod(MethodInvocationHelper.java:141)
at org.testng.internal.invokers.TestInvoker.invokeMethod(TestInvoker.java:686)
at org.testng.internal.invokers.TestInvoker.invokeTestMethod(TestInvoker.java:230)
at org.testng.internal.invokers.MethodRunner.runInSequence(MethodRunner.java:63)
at org.testng.internal.invokers.TestInvoker$MethodInvocationAgent.invoke(TestInvoker.java:992)
at org.testng.internal.invokers.TestInvoker.invokeTestMethods(TestInvoker.java:203)
at org.testng.internal.invokers.TestMethodWorker.invokeTestMethods(TestMethodWorker.java:154)
at org.testng.internal.invokers.TestMethodWorker.run(TestMethodWorker.java:134)
at java.base/java.util.ArrayList.forEach(ArrayList.java:1596)
at org.testng.TestRunner.privateRun(TestRunner.java:739)
at org.testng.TestRunner.run(TestRunner.java:614)
at org.testng.SuiteRunner.runTest(SuiteRunner.java:421)
at org.testng.SuiteRunner.runSequentially(SuiteRunner.java:413)
at org.testng.SuiteRunner.privateRun(SuiteRunner.java:373)
at org.testng.SuiteRunner.run(SuiteRunner.java:312)
at org.testng.SuiteRunnerWorker.runSuite(SuiteRunnerWorker.java:52)
at org.testng.SuiteRunnerWorker.run(SuiteRunnerWorker.java:95)
at org.testng.TestNG.runSuitesSequentially(TestNG.java:1274)
at org.testng.TestNG.runSuitesLocally(TestNG.java:1208)
at org.testng.TestNG.runSuites(TestNG.java:1112)
at org.testng.TestNG.run(TestNG.java:1079)
at org.testng.remote.AbstractRemoteTestNG.run(AbstractRemoteTestNG.java:115)
at org.testng.remote.RemoteTestNG.initAndRun(RemoteTestNG.java:293)
at org.testng.remote.RemoteTestNG.main(RemoteTestNG.java:91)
]]>
            </full-stacktrace>
          </exception> <!-- java.lang.AssertionError -->
          <reporter-output>
          </reporter-output>
        </test-method> <!-- brokenLinks -->
        <test-method is-config="true" signature="closeBrowser()[pri:0, instance:wondRxWeb.Test.BrokenLinksTest@7dcf94f8]" started-at="2025-06-17T16:20:17 IST" name="closeBrowser" finished-at="2025-06-17T16:20:17 IST" duration-ms="304" status="PASS">
          <reporter-output>
          </reporter-output>
        </test-method> <!-- closeBrowser -->
      </class> <!-- wondRxWeb.Test.BrokenLinksTest -->
    </test> <!-- Test -->
  </suite> <!-- WonderRx -->
</testng-results>
